2020-04-01 14:38:02,045 INFO o.s.d.r.c.RepositoryConfigurationDelegate [main] Bootstrapping Spring Data JPA repositories in DEFAULT mode.
2020-04-01 14:38:02,157 INFO o.s.d.r.c.RepositoryConfigurationDelegate [main] Finished Spring Data repository scanning in 90ms. Found 2 JPA repository interfaces.
2020-04-01 14:38:03,398 INFO o.s.b.w.e.t.TomcatWebServer [main] Tomcat initialized with port(s): 8080 (http)
2020-04-01 14:38:03,425 INFO o.a.j.l.DirectJDKLog [main] Initializing ProtocolHandler ["http-nio-8080"]
2020-04-01 14:38:03,427 INFO o.a.j.l.DirectJDKLog [main] Starting service [Tomcat]
2020-04-01 14:38:03,429 INFO o.a.j.l.DirectJDKLog [main] Starting Servlet engine: [Apache Tomcat/9.0.33]
2020-04-01 14:38:03,652 INFO o.a.j.l.DirectJDKLog [main] Initializing Spring embedded WebApplicationContext
2020-04-01 14:38:03,652 INFO o.s.b.w.s.c.ServletWebServerApplicationContext [main] Root WebApplicationContext: initialization completed in 3039 ms
2020-04-01 14:38:03,728 INFO c.z.h.HikariDataSource [main] HikariPool-1 - Starting...
2020-04-01 14:38:03,898 INFO c.z.h.HikariDataSource [main] HikariPool-1 - Start completed.
2020-04-01 14:38:03,910 INFO o.s.b.a.h.H2ConsoleAutoConfiguration [main] H2 console available at '/h2-console'. Database available at 'jdbc:h2:mem:gaven'
2020-04-01 14:38:04,096 INFO o.h.j.i.u.LogHelper [main] HHH000204: Processing PersistenceUnitInfo [name: default]
2020-04-01 14:38:04,226 INFO o.h.Version [main] HHH000412: Hibernate ORM core version 5.4.12.Final
2020-04-01 14:38:04,437 INFO o.h.a.c.r.j.JavaReflectionManager [main] HCANN000001: Hibernate Commons Annotations {5.1.0.Final}
2020-04-01 14:38:04,812 INFO o.h.d.Dialect [main] HHH000400: Using dialect: org.hibernate.dialect.H2Dialect
2020-04-01 14:38:06,313 INFO o.h.e.t.j.p.i.JtaPlatformInitiator [main] HHH000490: Using JtaPlatform implementation: [org.hibernate.engine.transaction.jta.platform.internal.NoJtaPlatform]
2020-04-01 14:38:06,324 INFO o.s.o.j.AbstractEntityManagerFactoryBean [main] Initialized JPA EntityManagerFactory for persistence unit 'default'
2020-04-01 14:38:06,674 WARN o.s.b.a.o.j.JpaBaseConfiguration$JpaWebConfiguration [main] spring.jpa.open-in-view is enabled by default. Therefore, database queries may be performed during view rendering. Explicitly configure spring.jpa.open-in-view to disable this warning
2020-04-01 14:38:06,921 INFO o.s.s.c.ExecutorConfigurationSupport [main] Initializing ExecutorService 'applicationTaskExecutor'
2020-04-01 14:38:07,165 INFO o.a.j.l.DirectJDKLog [main] Starting ProtocolHandler ["http-nio-8080"]
2020-04-01 14:38:07,189 INFO o.s.b.w.e.t.TomcatWebServer [main] Tomcat started on port(s): 8080 (http) with context path ''
2020-04-01 14:38:57,342 INFO o.a.j.l.DirectJDKLog [http-nio-8080-exec-2] Initializing Spring DispatcherServlet 'dispatcherServlet'
2020-04-01 14:38:57,343 INFO o.s.w.s.FrameworkServlet [http-nio-8080-exec-2] Initializing Servlet 'dispatcherServlet'
2020-04-01 14:38:57,357 INFO o.s.w.s.FrameworkServlet [http-nio-8080-exec-2] Completed initialization in 14 ms
